#
# There is insufficient memory for the Java Runtime Environment to continue.
# Native memory allocation (mmap) failed to map 266338304 bytes for G1 virtual space
# Possible reasons:
#   The system is out of physical RAM or swap space
#   The process is running with CompressedOops enabled, and the Java Heap may be blocking the growth of the native heap
# Possible solutions:
#   Reduce memory load on the system
#   Increase physical memory or swap space
#   Check if swap backing store is full
#   Decrease Java heap size (-Xmx/-Xms)
#   Decrease number of Java threads
#   Decrease Java thread stack sizes (-Xss)
#   Set larger code cache with -XX:ReservedCodeCacheSize=
#   JVM is running with Zero Based Compressed Oops mode in which the Java heap is
#     placed in the first 32GB address space. The Java Heap base address is the
#     maximum limit for the native heap growth. Please use -XX:HeapBaseMinAddress
#     to set the Java Heap base and to place the Java Heap above 32GB virtual address.
# This output file may be truncated or incomplete.
#
#  Out of Memory Error (os_windows.cpp:3466), pid=3520, tid=9040
#
# JRE version:  (16.0.1+9) (build )
# Java VM: OpenJDK 64-Bit Server VM (16.0.1+9-24, mixed mode, sharing, tiered, compressed oops, compressed class ptrs, g1 gc, windows-amd64)
# No core dump will be written. Minidumps are not enabled by default on client versions of Windows
#

---------------  S U M M A R Y ------------

Command Line: -Dfile.encoding=UTF-8 -XX:+ShowCodeDetailsInExceptionMessages 새창데이터전달.Main2

Host: Intel(R) Core(TM) i5-6600 CPU @ 3.30GHz, 4 cores, 15G,  Windows 10 , 64 bit Build 19041 (10.0.19041.1023)
Time: Thu Jul 15 17:33:14 2021  Windows 10 , 64 bit Build 19041 (10.0.19041.1023) elapsed time: 0.022483 seconds (0d 0h 0m 0s)

---------------  T H R E A D  ---------------

Current thread (0x0000019d982e7580):  JavaThread "Unknown thread" [_thread_in_vm, id=9040, stack(0x0000007480100000,0x0000007480200000)]

Stack: [0x0000007480100000,0x0000007480200000]
Native frames: (J=compiled Java code, j=interpreted, Vv=VM code, C=native code)
V  [jvm.dll+0x6687ca]
V  [jvm.dll+0x7ca3c9]
V  [jvm.dll+0x7cbb53]
V  [jvm.dll+0x7cc1b3]
V  [jvm.dll+0x242ea5]
V  [jvm.dll+0x665589]
V  [jvm.dll+0x65a175]
V  [jvm.dll+0x2fc5ab]
V  [jvm.dll+0x3037a6]
V  [jvm.dll+0x352fee]
V  [jvm.dll+0x35321f]
V  [jvm.dll+0x2d3618]
V  [jvm.dll+0x2d4854]
V  [jvm.dll+0x79ccb1]
V  [jvm.dll+0x360de1]
V  [jvm.dll+0x77a990]
V  [jvm.dll+0x3e55af]
V  [jvm.dll+0x3e7081]
C  [jli.dll+0x52fb]
C  [ucrtbase.dll+0x21bb2]
C  [KERNEL32.DLL+0x17034]
C  [ntdll.dll+0x52651]


---------------  P R O C E S S  ---------------

Threads class SMR info:
_java_thread_list=0x00007ffd7434cbb8, length=0, elements={
}

Java Threads: ( => current thread )

Other Threads:
  0x0000019d98335ee0 GCTaskThread "GC Thread#0" [stack: 0x0000007480200000,0x0000007480300000] [id=11792]
  0x0000019d98346d70 ConcurrentGCThread "G1 Main Marker" [stack: 0x0000007480300000,0x0000007480400000] [id=19976]
  0x0000019d98349010 ConcurrentGCThread "G1 Conc#0" [stack: 0x0000007480400000,0x0000007480500000] [id=12788]

[error occurred during error reporting (printing all threads), id 0xc0000005, EXCEPTION_ACCESS_VIOLATION (0xc0000005) at pc=0x00007ffd73b244d7]

VM state: not at safepoint (not fully initialized)

VM Mutex/Monitor currently owned by a thread:  ([mutex/lock_event])
[0x0000019d982e4050] Heap_lock - owner thread: 0x0000019d982e7580

Heap address: 0x0000000702200000, size: 4062 MB, Compressed Oops mode: Zero based, Oop shift amount: 3

CDS archive(s) mapped at: [0x0000000000000000-0x0000000000000000-0x0000000000000000), size 0, SharedBaseAddress: 0x0000000800000000, ArchiveRelocationMode: 0.
Narrow klass base: 0x0000000000000000, Narrow klass shift: 0, Narrow klass range: 0x0

GC Precious Log:
<Empty>

Heap:
 garbage-first heap   total 0K, used 0K [0x0000000702200000, 0x0000000800000000)
  region size 2048K, 0 young (0K), 0 survivors (0K)

[error occurred during error reporting (printing heap information), id 0xc0000005, EXCEPTION_ACCESS_VIOLATION (0xc0000005) at pc=0x00007ffd73f024ed]

GC Heap History (0 events):
No events

Deoptimization events (0 events):
No events

Classes unloaded (0 events):
No events

Classes redefined (0 events):
No events

Internal exceptions (0 events):
No events

Events (1 events):
Event: 0.010 Loaded shared library C:\Users\kkzz0\.p2\pool\plugins\org.eclipse.justj.openjdk.hotspot.jre.full.win32.x86_64_16.0.1.v20210528-1205\jre\bin\java.dll


Dynamic libraries:
0x00007ff687310000 - 0x00007ff68731e000 	C:\Users\kkzz0\.p2\pool\plugins\org.eclipse.justj.openjdk.hotspot.jre.full.win32.x86_64_16.0.1.v20210528-1205\jre\bin\javaw.exe
0x00007ffdb0e10000 - 0x00007ffdb1005000 	C:\WINDOWS\SYSTEM32\ntdll.dll
0x00007ffdaee80000 - 0x00007ffdaef3d000 	C:\WINDOWS\System32\KERNEL32.DLL
0x00007ffdaea50000 - 0x00007ffdaed19000 	C:\WINDOWS\System32\KERNELBASE.dll
0x00007ffdae650000 - 0x00007ffdae750000 	C:\WINDOWS\System32\ucrtbase.dll
0x00007ffda4f50000 - 0x00007ffda4f68000 	C:\Users\kkzz0\.p2\pool\plugins\org.eclipse.justj.openjdk.hotspot.jre.full.win32.x86_64_16.0.1.v20210528-1205\jre\bin\jli.dll
0x00007ffdaf990000 - 0x00007ffdafb30000 	C:\WINDOWS\System32\USER32.dll
0x00007ffdae990000 - 0x00007ffdae9b2000 	C:\WINDOWS\System32\win32u.dll
0x00007ffdaf5e0000 - 0x00007ffdaf60a000 	C:\WINDOWS\System32\GDI32.dll
0x00007ffdae880000 - 0x00007ffdae98b000 	C:\WINDOWS\System32\gdi32full.dll
0x00007ffdae550000 - 0x00007ffdae5ed000 	C:\WINDOWS\System32\msvcp_win.dll
0x00007ffda1be0000 - 0x00007ffda1bf9000 	C:\Users\kkzz0\.p2\pool\plugins\org.eclipse.justj.openjdk.hotspot.jre.full.win32.x86_64_16.0.1.v20210528-1205\jre\bin\VCRUNTIME140.dll
0x00007ffda1580000 - 0x00007ffda181a000 	C:\WINDOWS\WinSxS\amd64_microsoft.windows.common-controls_6595b64144ccf1df_6.0.19041.1083_none_60bbe31371f34e71\COMCTL32.dll
0x00007ffdaf120000 - 0x00007ffdaf1be000 	C:\WINDOWS\System32\msvcrt.dll
0x00007ffdb00d0000 - 0x00007ffdb0100000 	C:\WINDOWS\System32\IMM32.DLL
0x00007ffda5200000 - 0x00007ffda520c000 	C:\Users\kkzz0\.p2\pool\plugins\org.eclipse.justj.openjdk.hotspot.jre.full.win32.x86_64_16.0.1.v20210528-1205\jre\bin\vcruntime140_1.dll
0x00007ffd792e0000 - 0x00007ffd79371000 	C:\Users\kkzz0\.p2\pool\plugins\org.eclipse.justj.openjdk.hotspot.jre.full.win32.x86_64_16.0.1.v20210528-1205\jre\bin\msvcp140.dll
0x00007ffd73840000 - 0x00007ffd743eb000 	C:\Users\kkzz0\.p2\pool\plugins\org.eclipse.justj.openjdk.hotspot.jre.full.win32.x86_64_16.0.1.v20210528-1205\jre\bin\server\jvm.dll
0x00007ffdaef40000 - 0x00007ffdaefec000 	C:\WINDOWS\System32\ADVAPI32.dll
0x00007ffdaf1e0000 - 0x00007ffdaf27b000 	C:\WINDOWS\System32\sechost.dll
0x00007ffdaeff0000 - 0x00007ffdaf11a000 	C:\WINDOWS\System32\RPCRT4.dll
0x00007ffdb0d30000 - 0x00007ffdb0d38000 	C:\WINDOWS\System32\PSAPI.DLL
0x00007ffda9dd0000 - 0x00007ffda9dd9000 	C:\WINDOWS\SYSTEM32\WSOCK32.dll
0x00007ffdb0060000 - 0x00007ffdb00cb000 	C:\WINDOWS\System32\WS2_32.dll
0x00007ffda45d0000 - 0x00007ffda45f7000 	C:\WINDOWS\SYSTEM32\WINMM.dll
0x00007ffda86c0000 - 0x00007ffda86ca000 	C:\WINDOWS\SYSTEM32\VERSION.dll
0x00007ffdace30000 - 0x00007ffdace42000 	C:\WINDOWS\SYSTEM32\kernel.appcore.dll
0x00007ffda51a0000 - 0x00007ffda51aa000 	C:\Users\kkzz0\.p2\pool\plugins\org.eclipse.justj.openjdk.hotspot.jre.full.win32.x86_64_16.0.1.v20210528-1205\jre\bin\jimage.dll
0x00007ffdac310000 - 0x00007ffdac4f4000 	C:\WINDOWS\SYSTEM32\DBGHELP.DLL
0x00007ffd972c0000 - 0x00007ffd972ec000 	C:\WINDOWS\SYSTEM32\dbgcore.DLL
0x00007ffdae9c0000 - 0x00007ffdaea43000 	C:\WINDOWS\System32\bcryptPrimitives.dll
0x00007ffd96d00000 - 0x00007ffd96d25000 	C:\Users\kkzz0\.p2\pool\plugins\org.eclipse.justj.openjdk.hotspot.jre.full.win32.x86_64_16.0.1.v20210528-1205\jre\bin\java.dll

dbghelp: loaded successfully - version: 4.0.5 - missing functions: none
symbol engine: initialized successfully - sym options: 0x614 - pdb path: .;C:\Users\kkzz0\.p2\pool\plugins\org.eclipse.justj.openjdk.hotspot.jre.full.win32.x86_64_16.0.1.v20210528-1205\jre\bin;C:\WINDOWS\SYSTEM32;C:\WINDOWS\WinSxS\amd64_microsoft.windows.common-controls_6595b64144ccf1df_6.0.19041.1083_none_60bbe31371f34e71;C:\Users\kkzz0\.p2\pool\plugins\org.eclipse.justj.openjdk.hotspot.jre.full.win32.x86_64_16.0.1.v20210528-1205\jre\bin\server

VM Arguments:
jvm_args: -Dfile.encoding=UTF-8 -XX:+ShowCodeDetailsInExceptionMessages 
java_command: 새창데이터전달.Main2
java_class_path (initial): D:\junkyu\java_project\day18\bin
Launcher Type: SUN_STANDARD

[Global flags]
     intx CICompilerCount                          = 3                                         {product} {ergonomic}
     uint ConcGCThreads                            = 1                                         {product} {ergonomic}
     uint G1ConcRefinementThreads                  = 4                                         {product} {ergonomic}
   size_t G1HeapRegionSize                         = 2097152                                   {product} {ergonomic}
    uintx GCDrainStackTargetSize                   = 64                                        {product} {ergonomic}
   size_t InitialHeapSize                          = 266338304                                 {product} {ergonomic}
   size_t MarkStackSize                            = 4194304                                   {product} {ergonomic}
   size_t MaxHeapSize                              = 4259315712                                {product} {ergonomic}
   size_t MinHeapDeltaBytes                        = 2097152                                   {product} {ergonomic}
   size_t MinHeapSize                              = 8388608                                   {product} {ergonomic}
    uintx NonNMethodCodeHeapSize                   = 5832780                                {pd product} {ergonomic}
    uintx NonProfiledCodeHeapSize                  = 122912730                              {pd product} {ergonomic}
    uintx ProfiledCodeHeapSize                     = 122912730                              {pd product} {ergonomic}
    uintx ReservedCodeCacheSize                    = 251658240                              {pd product} {ergonomic}
     bool SegmentedCodeCache                       = true                                      {product} {ergonomic}
     bool ShowCodeDetailsInExceptionMessages       = true                                   {manageable} {command line}
   size_t SoftMaxHeapSize                          = 4259315712                             {manageable} {ergonomic}
     bool UseCompressedClassPointers               = true                           {product lp64_product} {ergonomic}
     bool UseCompressedOops                        = true                           {product lp64_product} {ergonomic}
     bool UseG1GC                                  = true                                      {product} {ergonomic}
     bool UseLargePagesIndividualAllocation        = false                                  {pd product} {ergonomic}

Logging:
Log output configuration:
 #0: stdout all=warning uptime,level,tags
 #1: stderr all=off uptime,level,tags

Environment Variables:
PATH=C:/Users/kkzz0/.p2/pool/plugins/org.eclipse.justj.openjdk.hotspot.jre.full.win32.x86_64_16.0.1.v20210528-1205/jre/bin/server;C:/Users/kkzz0/.p2/pool/plugins/org.eclipse.justj.openjdk.hotspot.jre.full.win32.x86_64_16.0.1.v20210528-1205/jre/bin;C:\Program Files (x86)\Common Files\Oracle\Java\javapath;C:\WINDOWS\system32;C:\WINDOWS;C:\WINDOWS\System32\Wbem;C:\WINDOWS\System32\WindowsPowerShell\v1.0\;C:\WINDOWS\System32\OpenSSH\;C:\Program Files\NVIDIA Corporation\NVIDIA NvDLISR;C:\Program Files (x86)\NVIDIA Corporation\PhysX\Common;C:\Users\kkzz0\AppData\Local\Programs\Python\Python37\Scripts\;C:\Users\kkzz0\AppData\Local\Programs\Python\Python37\;C:\Users\kkzz0\AppData\Local\Microsoft\WindowsApps;C:\Program Files\Bandizip\;C:\WINDOWS\System32;
USERNAME=kkzz0
OS=Windows_NT
PROCESSOR_IDENTIFIER=Intel64 Family 6 Model 94 Stepping 3, GenuineIntel



---------------  S Y S T E M  ---------------

OS:
 Windows 10 , 64 bit Build 19041 (10.0.19041.1023)
OS uptime: 2 days 3:32 hours

CPU: total 4 (initial active 4) (4 cores per cpu, 1 threads per core) family 6 model 94 stepping 3 microcode 0xd6, cx8, cmov, fxsr, mmx, 3dnowpref, sse, sse2, sse3, ssse3, sse4.1, sse4.2, popcnt, lzcnt, tsc, tscinvbit, avx, avx2, aes, erms, clmul, bmi1, bmi2, rtm, adx, fma, vzeroupper, clflush, clflushopt

Memory: 4k page, system-wide physical 16247M (3703M free)
TotalPageFile size 31357M (AvailPageFile size 8M)
current process WorkingSet (physical memory assigned to process): 10M, peak: 10M
current process commit charge ("private bytes"): 51M, peak: 305M

vm_info: OpenJDK 64-Bit Server VM (16.0.1+9-24) for windows-amd64 JRE (16.0.1+9-24), built on Mar 26 2021 19:30:07 by "mach5one" with MS VC++ 16.7 (VS2019)

END.
